2019-02-06 12:56:39,958 WARN [org.springframework.context.support.ClassPathXmlApplicationContext] - Exception encountered during context initialization - cancelling refresh attempt: org.springframework.beans.factory.BeanDefinitionStoreException: Invalid bean definition with name 'dataSource' defined in class path resource [applicationContext.xml]: Could not resolve placeholder 'db.driver' in value "${db.driver}"; nested exception is java.lang.IllegalArgumentException: Could not resolve placeholder 'db.driver' in value "${db.driver}"
2019-02-06 12:57:29,726 INFO [com.mchange.v2.log.MLog] - MLog clients using slf4j logging.
2019-02-06 12:57:29,951 INFO [com.mchange.v2.c3p0.C3P0Registry] - Initializing c3p0-0.9.2.1 [built 20-March-2013 10:47:27 +0000; debug? true; trace: 10]
2019-02-06 12:57:30,327 INFO [com.mchange.v2.c3p0.impl.AbstractPoolBackedDataSource] - Initializing c3p0 pool... com.mchange.v2.c3p0.ComboPooledDataSource [ acquireIncrement -> 3, acquireRetryAttempts -> 30, acquireRetryDelay -> 1000, autoCommitOnClose -> false, automaticTestTable -> null, breakAfterAcquireFailure -> false, checkoutTimeout -> 0, connectionCustomizerClassName -> null, connectionTesterClassName -> com.mchange.v2.c3p0.impl.DefaultConnectionTester, dataSourceName -> 1hgensxa01hli36eiyupzy|2b48a640, debugUnreturnedConnectionStackTraces -> false, description -> null, driverClass -> org.gjt.mm.mysql.Driver, factoryClassLocation -> null, forceIgnoreUnresolvedTransactions -> false, identityToken -> 1hgensxa01hli36eiyupzy|2b48a640, idleConnectionTestPeriod -> 0, initialPoolSize -> 1, jdbcUrl -> jdbc:mysql://localhost:3306/mldn, maxAdministrativeTaskTime -> 0, maxConnectionAge -> 0, maxIdleTime -> 1, maxIdleTimeExcessConnections -> 0, maxPoolSize -> 1, maxStatements -> 0, maxStatementsPerConnection -> 0, minPoolSize -> 1, numHelperThreads -> 3, preferredTestQuery -> null, properties -> {user=******, password=******}, propertyCycle -> 0, statementCacheNumDeferredCloseThreads -> 0, testConnectionOnCheckin -> false, testConnectionOnCheckout -> false, unreturnedConnectionTimeout -> 0, userOverrides -> {}, usesTraditionalReflectiveProxies -> false ]
2019-02-06 13:01:38,910 INFO [com.mchange.v2.log.MLog] - MLog clients using slf4j logging.
2019-02-06 13:01:39,117 INFO [com.mchange.v2.c3p0.C3P0Registry] - Initializing c3p0-0.9.2.1 [built 20-March-2013 10:47:27 +0000; debug? true; trace: 10]
2019-02-06 13:01:39,480 INFO [com.mchange.v2.c3p0.impl.AbstractPoolBackedDataSource] - Initializing c3p0 pool... com.mchange.v2.c3p0.ComboPooledDataSource [ acquireIncrement -> 3, acquireRetryAttempts -> 30, acquireRetryDelay -> 1000, autoCommitOnClose -> false, automaticTestTable -> null, breakAfterAcquireFailure -> false, checkoutTimeout -> 0, connectionCustomizerClassName -> null, connectionTesterClassName -> com.mchange.v2.c3p0.impl.DefaultConnectionTester, dataSourceName -> 1hgensxa01hlnfg5tjydgo|2b48a640, debugUnreturnedConnectionStackTraces -> false, description -> null, driverClass -> org.gjt.mm.mysql.Driver, factoryClassLocation -> null, forceIgnoreUnresolvedTransactions -> false, identityToken -> 1hgensxa01hlnfg5tjydgo|2b48a640, idleConnectionTestPeriod -> 0, initialPoolSize -> 1, jdbcUrl -> jdbc:mysql://localhost:3306/mldn, maxAdministrativeTaskTime -> 0, maxConnectionAge -> 0, maxIdleTime -> 1, maxIdleTimeExcessConnections -> 0, maxPoolSize -> 1, maxStatements -> 0, maxStatementsPerConnection -> 0, minPoolSize -> 1, numHelperThreads -> 3, preferredTestQuery -> null, properties -> {user=******, password=******}, propertyCycle -> 0, statementCacheNumDeferredCloseThreads -> 0, testConnectionOnCheckin -> false, testConnectionOnCheckout -> false, unreturnedConnectionTimeout -> 0, userOverrides -> {}, usesTraditionalReflectiveProxies -> false ]
2019-02-06 13:05:07,948 INFO [com.mchange.v2.log.MLog] - MLog clients using slf4j logging.
2019-02-06 13:05:08,153 INFO [com.mchange.v2.c3p0.C3P0Registry] - Initializing c3p0-0.9.2.1 [built 20-March-2013 10:47:27 +0000; debug? true; trace: 10]
2019-02-06 13:05:08,514 INFO [com.mchange.v2.c3p0.impl.AbstractPoolBackedDataSource] - Initializing c3p0 pool... com.mchange.v2.c3p0.ComboPooledDataSource [ acquireIncrement -> 3, acquireRetryAttempts -> 30, acquireRetryDelay -> 1000, autoCommitOnClose -> false, automaticTestTable -> null, breakAfterAcquireFailure -> false, checkoutTimeout -> 0, connectionCustomizerClassName -> null, connectionTesterClassName -> com.mchange.v2.c3p0.impl.DefaultConnectionTester, dataSourceName -> 1hgensxa01hlrwqsnhkll5|2b48a640, debugUnreturnedConnectionStackTraces -> false, description -> null, driverClass -> org.gjt.mm.mysql.Driver, factoryClassLocation -> null, forceIgnoreUnresolvedTransactions -> false, identityToken -> 1hgensxa01hlrwqsnhkll5|2b48a640, idleConnectionTestPeriod -> 0, initialPoolSize -> 1, jdbcUrl -> jdbc:mysql://localhost:3306/mldn, maxAdministrativeTaskTime -> 0, maxConnectionAge -> 0, maxIdleTime -> 1, maxIdleTimeExcessConnections -> 0, maxPoolSize -> 1, maxStatements -> 0, maxStatementsPerConnection -> 0, minPoolSize -> 1, numHelperThreads -> 3, preferredTestQuery -> null, properties -> {user=******, password=******}, propertyCycle -> 0, statementCacheNumDeferredCloseThreads -> 0, testConnectionOnCheckin -> false, testConnectionOnCheckout -> false, unreturnedConnectionTimeout -> 0, userOverrides -> {}, usesTraditionalReflectiveProxies -> false ]
2019-02-06 13:12:53,223 INFO [com.mchange.v2.log.MLog] - MLog clients using slf4j logging.
2019-02-06 13:12:53,454 INFO [com.mchange.v2.c3p0.C3P0Registry] - Initializing c3p0-0.9.2.1 [built 20-March-2013 10:47:27 +0000; debug? true; trace: 10]
2019-02-06 13:12:53,936 INFO [com.mchange.v2.c3p0.impl.AbstractPoolBackedDataSource] - Initializing c3p0 pool... com.mchange.v2.c3p0.ComboPooledDataSource [ acquireIncrement -> 3, acquireRetryAttempts -> 30, acquireRetryDelay -> 1000, autoCommitOnClose -> false, automaticTestTable -> null, breakAfterAcquireFailure -> false, checkoutTimeout -> 0, connectionCustomizerClassName -> null, connectionTesterClassName -> com.mchange.v2.c3p0.impl.DefaultConnectionTester, dataSourceName -> 1hgensxa01hm1vr31b9wp7t|2b48a640, debugUnreturnedConnectionStackTraces -> false, description -> null, driverClass -> org.gjt.mm.mysql.Driver, factoryClassLocation -> null, forceIgnoreUnresolvedTransactions -> false, identityToken -> 1hgensxa01hm1vr31b9wp7t|2b48a640, idleConnectionTestPeriod -> 0, initialPoolSize -> 1, jdbcUrl -> jdbc:mysql://localhost:3306/mldn, maxAdministrativeTaskTime -> 0, maxConnectionAge -> 0, maxIdleTime -> 1, maxIdleTimeExcessConnections -> 0, maxPoolSize -> 1, maxStatements -> 0, maxStatementsPerConnection -> 0, minPoolSize -> 1, numHelperThreads -> 3, preferredTestQuery -> null, properties -> {user=******, password=******}, propertyCycle -> 0, statementCacheNumDeferredCloseThreads -> 0, testConnectionOnCheckin -> false, testConnectionOnCheckout -> false, unreturnedConnectionTimeout -> 0, userOverrides -> {}, usesTraditionalReflectiveProxies -> false ]
2019-02-06 13:12:54,112 DEBUG [cn.mldn.vo.mapping.MemberNS.doCreate] - ==>  Preparing: INSERT INTO member(mid,name,age,salary,birthday,note) VALUES (?,?,?,?,?,?) ; 
2019-02-06 13:12:54,144 DEBUG [cn.mldn.vo.mapping.MemberNS.doCreate] - ==> Parameters: mldn5847(String), Â∞èÂº†ÂêåÂ≠¶-5847(String), 18(Integer), 1.1(Double), 2019-02-06 13:12:53.883(Timestamp), Â•ΩÂêåÂ≠¶!(String)
2019-02-06 13:12:54,145 DEBUG [cn.mldn.vo.mapping.MemberNS.doCreate] - <==    Updates: 1
2019-02-06 13:19:12,484 INFO [com.mchange.v2.log.MLog] - MLog clients using slf4j logging.
2019-02-06 13:19:12,693 INFO [com.mchange.v2.c3p0.C3P0Registry] - Initializing c3p0-0.9.2.1 [built 20-March-2013 10:47:27 +0000; debug? true; trace: 10]
2019-02-06 13:19:13,071 INFO [com.mchange.v2.c3p0.impl.AbstractPoolBackedDataSource] - Initializing c3p0 pool... com.mchange.v2.c3p0.ComboPooledDataSource [ acquireIncrement -> 3, acquireRetryAttempts -> 30, acquireRetryDelay -> 1000, autoCommitOnClose -> false, automaticTestTable -> null, breakAfterAcquireFailure -> false, checkoutTimeout -> 0, connectionCustomizerClassName -> null, connectionTesterClassName -> com.mchange.v2.c3p0.impl.DefaultConnectionTester, dataSourceName -> 1hgensxa01hma0e41j9e13o|2b48a640, debugUnreturnedConnectionStackTraces -> false, description -> null, driverClass -> org.gjt.mm.mysql.Driver, factoryClassLocation -> null, forceIgnoreUnresolvedTransactions -> false, identityToken -> 1hgensxa01hma0e41j9e13o|2b48a640, idleConnectionTestPeriod -> 0, initialPoolSize -> 1, jdbcUrl -> jdbc:mysql://localhost:3306/mldn, maxAdministrativeTaskTime -> 0, maxConnectionAge -> 0, maxIdleTime -> 1, maxIdleTimeExcessConnections -> 0, maxPoolSize -> 1, maxStatements -> 0, maxStatementsPerConnection -> 0, minPoolSize -> 1, numHelperThreads -> 3, preferredTestQuery -> null, properties -> {user=******, password=******}, propertyCycle -> 0, statementCacheNumDeferredCloseThreads -> 0, testConnectionOnCheckin -> false, testConnectionOnCheckout -> false, unreturnedConnectionTimeout -> 0, userOverrides -> {}, usesTraditionalReflectiveProxies -> false ]
2019-02-06 13:19:13,247 DEBUG [cn.mldn.vo.mapping.MemberNS.doCreate] - ==>  Preparing: INSERT INTO member(mid,name,age,salary,birthday,note) VALUES (?,?,?,?,?,?) ; 
2019-02-06 13:19:13,268 DEBUG [cn.mldn.vo.mapping.MemberNS.doCreate] - ==> Parameters: mldn1106(String), Â∞èÂº†ÂêåÂ≠¶-1106(String), 18(Integer), 1.1(Double), 2019-02-06 13:19:13.013(Timestamp), Â•ΩÂêåÂ≠¶!(String)
2019-02-06 13:19:13,269 DEBUG [cn.mldn.vo.mapping.MemberNS.doCreate] - <==    Updates: 1
2019-02-06 13:27:33,291 INFO [com.mchange.v2.log.MLog] - MLog clients using slf4j logging.
2019-02-06 13:27:33,493 INFO [com.mchange.v2.c3p0.C3P0Registry] - Initializing c3p0-0.9.2.1 [built 20-March-2013 10:47:27 +0000; debug? true; trace: 10]
2019-02-06 13:27:33,890 INFO [com.mchange.v2.c3p0.impl.AbstractPoolBackedDataSource] - Initializing c3p0 pool... com.mchange.v2.c3p0.ComboPooledDataSource [ acquireIncrement -> 3, acquireRetryAttempts -> 30, acquireRetryDelay -> 1000, autoCommitOnClose -> false, automaticTestTable -> null, breakAfterAcquireFailure -> false, checkoutTimeout -> 0, connectionCustomizerClassName -> null, connectionTesterClassName -> com.mchange.v2.c3p0.impl.DefaultConnectionTester, dataSourceName -> 1hgensxa01hmkqte13g66fa|4bb33f74, debugUnreturnedConnectionStackTraces -> false, description -> null, driverClass -> org.gjt.mm.mysql.Driver, factoryClassLocation -> null, forceIgnoreUnresolvedTransactions -> false, identityToken -> 1hgensxa01hmkqte13g66fa|4bb33f74, idleConnectionTestPeriod -> 0, initialPoolSize -> 1, jdbcUrl -> jdbc:mysql://localhost:3306/mldn, maxAdministrativeTaskTime -> 0, maxConnectionAge -> 0, maxIdleTime -> 1, maxIdleTimeExcessConnections -> 0, maxPoolSize -> 1, maxStatements -> 0, maxStatementsPerConnection -> 0, minPoolSize -> 1, numHelperThreads -> 3, preferredTestQuery -> null, properties -> {user=******, password=******}, propertyCycle -> 0, statementCacheNumDeferredCloseThreads -> 0, testConnectionOnCheckin -> false, testConnectionOnCheckout -> false, unreturnedConnectionTimeout -> 0, userOverrides -> {}, usesTraditionalReflectiveProxies -> false ]
2019-02-06 13:27:34,091 DEBUG [cn.mldn.vo.mapping.MemberNS.findAllSplit] - ==>  Preparing: select mid,name,age,salary,birthday,note from member limit ?,? 
2019-02-06 13:27:34,106 DEBUG [cn.mldn.vo.mapping.MemberNS.findAllSplit] - ==> Parameters: 0(Integer), 3(Integer)
2019-02-06 13:27:34,117 TRACE [cn.mldn.vo.mapping.MemberNS.findAllSplit] - <==    Columns: mid, name, age, salary, birthday, note
2019-02-06 13:27:34,120 TRACE [cn.mldn.vo.mapping.MemberNS.findAllSplit] - <==        Row: mldn1106, Â∞èÂº†ÂêåÂ≠¶-1106, 18, 1.1, 2019-02-06 13:19:13.0, <<BLOB>>
2019-02-06 13:27:34,124 TRACE [cn.mldn.vo.mapping.MemberNS.findAllSplit] - <==        Row: mldn5847, Â∞èÂº†ÂêåÂ≠¶-5847, 18, 1.1, 2019-02-06 13:12:53.0, <<BLOB>>
2019-02-06 13:27:34,124 DEBUG [cn.mldn.vo.mapping.MemberNS.findAllSplit] - <==      Total: 2
2019-02-06 13:27:34,130 INFO [cn.mldn.test.TestMemberService] - [cn.mldn.vo.Member@45312be2, cn.mldn.vo.Member@7fb95505]
2019-02-06 13:40:29,935 WARN [org.springframework.context.support.ClassPathXmlApplicationContext] - Exception encountered during context initialization - cancelling refresh attempt: org.springframework.beans.factory.CannotLoadBeanClassException: Cannot find class [com.mchange.v2.c3p0.ComboPooledDataSource] for bean with name 'dataSource' defined in class path resource [applicationContext.xml]; nested exception is java.lang.ClassNotFoundException: com.mchange.v2.c3p0.ComboPooledDataSource
2019-02-06 13:59:37,258 INFO [com.mchange.v2.log.MLog] - MLog clients using slf4j logging.
2019-02-06 13:59:37,504 INFO [com.mchange.v2.c3p0.C3P0Registry] - Initializing c3p0-0.9.5.2 [built 08-December-2015 22:06:04 -0800; debug? true; trace: 10]
2019-02-06 13:59:37,939 INFO [com.mchange.v2.c3p0.impl.AbstractPoolBackedDataSource] - Initializing c3p0 pool... com.mchange.v2.c3p0.ComboPooledDataSource [ acquireIncrement -> 3, acquireRetryAttempts -> 30, acquireRetryDelay -> 1000, autoCommitOnClose -> false, automaticTestTable -> null, breakAfterAcquireFailure -> false, checkoutTimeout -> 0, connectionCustomizerClassName -> null, connectionTesterClassName -> com.mchange.v2.c3p0.impl.DefaultConnectionTester, contextClassLoaderSource -> caller, dataSourceName -> 1hgensxa01hnpzd1n81ial|49c7b90e, debugUnreturnedConnectionStackTraces -> false, description -> null, driverClass -> org.gjt.mm.mysql.Driver, extensions -> {}, factoryClassLocation -> null, forceIgnoreUnresolvedTransactions -> false, forceSynchronousCheckins -> false, forceUseNamedDriverClass -> false, identityToken -> 1hgensxa01hnpzd1n81ial|49c7b90e, idleConnectionTestPeriod -> 0, initialPoolSize -> 1, jdbcUrl -> jdbc:mysql://localhost:3306/mldn, maxAdministrativeTaskTime -> 0, maxConnectionAge -> 0, maxIdleTime -> 1, maxIdleTimeExcessConnections -> 0, maxPoolSize -> 1, maxStatements -> 0, maxStatementsPerConnection -> 0, minPoolSize -> 1, numHelperThreads -> 3, preferredTestQuery -> null, privilegeSpawnedThreads -> false, properties -> {user=******, password=******}, propertyCycle -> 0, statementCacheNumDeferredCloseThreads -> 0, testConnectionOnCheckin -> false, testConnectionOnCheckout -> false, unreturnedConnectionTimeout -> 0, userOverrides -> {}, usesTraditionalReflectiveProxies -> false ]
2019-02-06 13:59:38,177 DEBUG [cn.mldn.vo.mapping.MemberNS.doCreate] - ==>  Preparing: INSERT INTO member(mid,name,age,salary,birthday,note) VALUES (?,?,?,?,?,?) ; 
2019-02-06 13:59:38,201 DEBUG [cn.mldn.vo.mapping.MemberNS.doCreate] - ==> Parameters: mldn3164(String), Â∞èÂº†ÂêåÂ≠¶-3164(String), 18(Integer), 1.1(Double), 2019-02-06 13:59:37.9(Timestamp), Â•ΩÂêåÂ≠¶!(String)
2019-02-06 13:59:38,202 DEBUG [cn.mldn.vo.mapping.MemberNS.doCreate] - <==    Updates: 1
2019-02-06 13:59:50,615 INFO [com.mchange.v2.log.MLog] - MLog clients using slf4j logging.
2019-02-06 13:59:50,825 INFO [com.mchange.v2.c3p0.C3P0Registry] - Initializing c3p0-0.9.5.2 [built 08-December-2015 22:06:04 -0800; debug? true; trace: 10]
2019-02-06 13:59:51,213 INFO [com.mchange.v2.c3p0.impl.AbstractPoolBackedDataSource] - Initializing c3p0 pool... com.mchange.v2.c3p0.ComboPooledDataSource [ acquireIncrement -> 3, acquireRetryAttempts -> 30, acquireRetryDelay -> 1000, autoCommitOnClose -> false, automaticTestTable -> null, breakAfterAcquireFailure -> false, checkoutTimeout -> 0, connectionCustomizerClassName -> null, connectionTesterClassName -> com.mchange.v2.c3p0.impl.DefaultConnectionTester, contextClassLoaderSource -> caller, dataSourceName -> 1hgensxa01hnq9nz1r4th4s|49c7b90e, debugUnreturnedConnectionStackTraces -> false, description -> null, driverClass -> org.gjt.mm.mysql.Driver, extensions -> {}, factoryClassLocation -> null, forceIgnoreUnresolvedTransactions -> false, forceSynchronousCheckins -> false, forceUseNamedDriverClass -> false, identityToken -> 1hgensxa01hnq9nz1r4th4s|49c7b90e, idleConnectionTestPeriod -> 0, initialPoolSize -> 1, jdbcUrl -> jdbc:mysql://localhost:3306/mldn, maxAdministrativeTaskTime -> 0, maxConnectionAge -> 0, maxIdleTime -> 1, maxIdleTimeExcessConnections -> 0, maxPoolSize -> 1, maxStatements -> 0, maxStatementsPerConnection -> 0, minPoolSize -> 1, numHelperThreads -> 3, preferredTestQuery -> null, privilegeSpawnedThreads -> false, properties -> {user=******, password=******}, propertyCycle -> 0, statementCacheNumDeferredCloseThreads -> 0, testConnectionOnCheckin -> false, testConnectionOnCheckout -> false, unreturnedConnectionTimeout -> 0, userOverrides -> {}, usesTraditionalReflectiveProxies -> false ]
2019-02-06 13:59:51,412 DEBUG [cn.mldn.vo.mapping.MemberNS.findAllSplit] - ==>  Preparing: select mid,name,age,salary,birthday,note from member limit ?,? 
2019-02-06 13:59:51,432 DEBUG [cn.mldn.vo.mapping.MemberNS.findAllSplit] - ==> Parameters: 0(Integer), 3(Integer)
2019-02-06 13:59:51,444 TRACE [cn.mldn.vo.mapping.MemberNS.findAllSplit] - <==    Columns: mid, name, age, salary, birthday, note
2019-02-06 13:59:51,447 TRACE [cn.mldn.vo.mapping.MemberNS.findAllSplit] - <==        Row: mldn1106, Â∞èÂº†ÂêåÂ≠¶-1106, 18, 1.1, 2019-02-06 13:19:13.0, <<BLOB>>
2019-02-06 13:59:51,451 TRACE [cn.mldn.vo.mapping.MemberNS.findAllSplit] - <==        Row: mldn3164, Â∞èÂº†ÂêåÂ≠¶-3164, 18, 1.1, 2019-02-06 13:59:37.0, <<BLOB>>
2019-02-06 13:59:51,451 TRACE [cn.mldn.vo.mapping.MemberNS.findAllSplit] - <==        Row: mldn5847, Â∞èÂº†ÂêåÂ≠¶-5847, 18, 1.1, 2019-02-06 13:12:53.0, <<BLOB>>
2019-02-06 13:59:51,451 DEBUG [cn.mldn.vo.mapping.MemberNS.findAllSplit] - <==      Total: 3
2019-02-06 13:59:51,456 INFO [cn.mldn.test.TestMemberService] - [cn.mldn.vo.Member@7749bf93, cn.mldn.vo.Member@13330ac6, cn.mldn.vo.Member@539d019]
2019-02-06 21:10:43,084 INFO [com.mchange.v2.log.MLog] - MLog clients using slf4j logging.
2019-02-06 21:10:43,331 INFO [com.mchange.v2.c3p0.C3P0Registry] - Initializing c3p0-0.9.5.2 [built 08-December-2015 22:06:04 -0800; debug? true; trace: 10]
2019-02-06 21:10:43,745 INFO [com.mchange.v2.c3p0.impl.AbstractPoolBackedDataSource] - Initializing c3p0 pool... com.mchange.v2.c3p0.ComboPooledDataSource [ acquireIncrement -> 3, acquireRetryAttempts -> 30, acquireRetryDelay -> 1000, autoCommitOnClose -> false, automaticTestTable -> null, breakAfterAcquireFailure -> false, checkoutTimeout -> 0, connectionCustomizerClassName -> null, connectionTesterClassName -> com.mchange.v2.c3p0.impl.DefaultConnectionTester, contextClassLoaderSource -> caller, dataSourceName -> 1hgensxa01i34dkh16iu10l|e350b40, debugUnreturnedConnectionStackTraces -> false, description -> null, driverClass -> org.gjt.mm.mysql.Driver, extensions -> {}, factoryClassLocation -> null, forceIgnoreUnresolvedTransactions -> false, forceSynchronousCheckins -> false, forceUseNamedDriverClass -> false, identityToken -> 1hgensxa01i34dkh16iu10l|e350b40, idleConnectionTestPeriod -> 0, initialPoolSize -> 1, jdbcUrl -> jdbc:mysql://localhost:3306/mldn, maxAdministrativeTaskTime -> 0, maxConnectionAge -> 0, maxIdleTime -> 1, maxIdleTimeExcessConnections -> 0, maxPoolSize -> 1, maxStatements -> 0, maxStatementsPerConnection -> 0, minPoolSize -> 1, numHelperThreads -> 3, preferredTestQuery -> null, privilegeSpawnedThreads -> false, properties -> {user=******, password=******}, propertyCycle -> 0, statementCacheNumDeferredCloseThreads -> 0, testConnectionOnCheckin -> false, testConnectionOnCheckout -> false, unreturnedConnectionTimeout -> 0, userOverrides -> {}, usesTraditionalReflectiveProxies -> false ]
2019-02-06 21:10:43,935 DEBUG [cn.mldn.vo.mapping.MemberNS.doCreate] - ==>  Preparing: INSERT INTO member(mid,name,age,salary,birthday,note) VALUES (?,?,?,?,?,?) ; 
2019-02-06 21:10:43,960 DEBUG [cn.mldn.vo.mapping.MemberNS.doCreate] - ==> Parameters: mldn3429(String), –°’≈Õ¨—ß-3429(String), 18(Integer), 1.1(Double), 2019-02-06 21:10:43.72(Timestamp), ∫√Õ¨—ß!(String)
2019-02-06 21:10:43,998 DEBUG [cn.mldn.vo.mapping.MemberNS.doCreate] - <==    Updates: 1
2019-02-06 21:10:44,046 DEBUG [cn.mldn.vo.mapping.MemberNS.findAllSplit] - ==>  Preparing: select mid,name,age,salary,birthday,note from member limit ?,? 
2019-02-06 21:10:44,046 DEBUG [cn.mldn.vo.mapping.MemberNS.findAllSplit] - ==> Parameters: 0(Integer), 3(Integer)
2019-02-06 21:10:44,066 TRACE [cn.mldn.vo.mapping.MemberNS.findAllSplit] - <==    Columns: mid, name, age, salary, birthday, note
2019-02-06 21:10:44,067 TRACE [cn.mldn.vo.mapping.MemberNS.findAllSplit] - <==        Row: 11, zcc, 18, 1.1, 1992-12-21 00:00:00.0, <<BLOB>>
2019-02-06 21:10:44,070 TRACE [cn.mldn.vo.mapping.MemberNS.findAllSplit] - <==        Row: 12, zcc, 18, 1.1, 1992-12-21 00:00:00.0, <<BLOB>>
2019-02-06 21:10:44,070 TRACE [cn.mldn.vo.mapping.MemberNS.findAllSplit] - <==        Row: cc, zcc, 18, 1.1, 1992-12-21 00:00:00.0, <<BLOB>>
2019-02-06 21:10:44,071 DEBUG [cn.mldn.vo.mapping.MemberNS.findAllSplit] - <==      Total: 3
2019-02-06 21:10:44,076 INFO [cn.mldn.test.TestMemberService] - [cn.mldn.vo.Member@4df5bcb4, cn.mldn.vo.Member@12c7a01b, cn.mldn.vo.Member@13d9b21f]
2019-02-06 21:12:44,646 INFO [com.mchange.v2.log.MLog] - MLog clients using slf4j logging.
2019-02-06 21:12:44,875 INFO [com.mchange.v2.c3p0.C3P0Registry] - Initializing c3p0-0.9.5.2 [built 08-December-2015 22:06:04 -0800; debug? true; trace: 10]
2019-02-06 21:12:45,250 INFO [com.mchange.v2.c3p0.impl.AbstractPoolBackedDataSource] - Initializing c3p0 pool... com.mchange.v2.c3p0.ComboPooledDataSource [ acquireIncrement -> 3, acquireRetryAttempts -> 30, acquireRetryDelay -> 1000, autoCommitOnClose -> false, automaticTestTable -> null, breakAfterAcquireFailure -> false, checkoutTimeout -> 0, connectionCustomizerClassName -> null, connectionTesterClassName -> com.mchange.v2.c3p0.impl.DefaultConnectionTester, contextClassLoaderSource -> caller, dataSourceName -> 1hgensxa01i36zd4xsedfo|3f6f6701, debugUnreturnedConnectionStackTraces -> false, description -> null, driverClass -> org.gjt.mm.mysql.Driver, extensions -> {}, factoryClassLocation -> null, forceIgnoreUnresolvedTransactions -> false, forceSynchronousCheckins -> false, forceUseNamedDriverClass -> false, identityToken -> 1hgensxa01i36zd4xsedfo|3f6f6701, idleConnectionTestPeriod -> 0, initialPoolSize -> 1, jdbcUrl -> jdbc:mysql://localhost:3306/mldn, maxAdministrativeTaskTime -> 0, maxConnectionAge -> 0, maxIdleTime -> 1, maxIdleTimeExcessConnections -> 0, maxPoolSize -> 1, maxStatements -> 0, maxStatementsPerConnection -> 0, minPoolSize -> 1, numHelperThreads -> 3, preferredTestQuery -> null, privilegeSpawnedThreads -> false, properties -> {user=******, password=******}, propertyCycle -> 0, statementCacheNumDeferredCloseThreads -> 0, testConnectionOnCheckin -> false, testConnectionOnCheckout -> false, unreturnedConnectionTimeout -> 0, userOverrides -> {}, usesTraditionalReflectiveProxies -> false ]
2019-02-06 21:12:45,428 DEBUG [cn.mldn.vo.mapping.MemberNS.doCreate] - ==>  Preparing: INSERT INTO member(mid,name,age,salary,birthday,note) VALUES (?,?,?,?,?,?) ; 
2019-02-06 21:12:45,450 DEBUG [cn.mldn.vo.mapping.MemberNS.doCreate] - ==> Parameters: mldn5626(String), –°’≈Õ¨—ß-5626(String), 18(Integer), 1.1(Double), 2019-02-06 21:12:45.226(Timestamp), ∫√Õ¨—ß!(String)
2019-02-06 21:12:45,451 DEBUG [cn.mldn.vo.mapping.MemberNS.doCreate] - <==    Updates: 1
2019-02-06 21:12:45,526 DEBUG [cn.mldn.vo.mapping.MemberNS.findAllSplit] - ==>  Preparing: select mid,name,age,salary,birthday,note from member limit ?,? 
2019-02-06 21:12:45,527 DEBUG [cn.mldn.vo.mapping.MemberNS.findAllSplit] - ==> Parameters: 0(Integer), 3(Integer)
2019-02-06 21:12:45,545 TRACE [cn.mldn.vo.mapping.MemberNS.findAllSplit] - <==    Columns: mid, name, age, salary, birthday, note
2019-02-06 21:12:45,546 TRACE [cn.mldn.vo.mapping.MemberNS.findAllSplit] - <==        Row: 11, zcc, 18, 1.1, 1992-12-21 00:00:00.0, <<BLOB>>
2019-02-06 21:12:45,549 TRACE [cn.mldn.vo.mapping.MemberNS.findAllSplit] - <==        Row: 12, zcc, 18, 1.1, 1992-12-21 00:00:00.0, <<BLOB>>
2019-02-06 21:12:45,549 TRACE [cn.mldn.vo.mapping.MemberNS.findAllSplit] - <==        Row: cc, zcc, 18, 1.1, 1992-12-21 00:00:00.0, <<BLOB>>
2019-02-06 21:12:45,550 DEBUG [cn.mldn.vo.mapping.MemberNS.findAllSplit] - <==      Total: 3
2019-02-06 21:12:45,554 INFO [cn.mldn.test.TestMemberService] - [cn.mldn.vo.Member@22875539, cn.mldn.vo.Member@5674e1f2, cn.mldn.vo.Member@79c7532f]
2019-02-06 21:18:11,609 INFO [com.mchange.v2.log.MLog] - MLog clients using slf4j logging.
2019-02-06 21:18:11,834 INFO [com.mchange.v2.c3p0.C3P0Registry] - Initializing c3p0-0.9.5.2 [built 08-December-2015 22:06:04 -0800; debug? true; trace: 10]
2019-02-06 21:18:12,207 INFO [com.mchange.v2.c3p0.impl.AbstractPoolBackedDataSource] - Initializing c3p0 pool... com.mchange.v2.c3p0.ComboPooledDataSource [ acquireIncrement -> 3, acquireRetryAttempts -> 30, acquireRetryDelay -> 1000, autoCommitOnClose -> false, automaticTestTable -> null, breakAfterAcquireFailure -> false, checkoutTimeout -> 0, connectionCustomizerClassName -> null, connectionTesterClassName -> com.mchange.v2.c3p0.impl.DefaultConnectionTester, contextClassLoaderSource -> caller, dataSourceName -> 1hgensxa01i3dznhh5eyg1|3f6f6701, debugUnreturnedConnectionStackTraces -> false, description -> null, driverClass -> org.gjt.mm.mysql.Driver, extensions -> {}, factoryClassLocation -> null, forceIgnoreUnresolvedTransactions -> false, forceSynchronousCheckins -> false, forceUseNamedDriverClass -> false, identityToken -> 1hgensxa01i3dznhh5eyg1|3f6f6701, idleConnectionTestPeriod -> 0, initialPoolSize -> 1, jdbcUrl -> jdbc:mysql://localhost:3306/mldn, maxAdministrativeTaskTime -> 0, maxConnectionAge -> 0, maxIdleTime -> 1, maxIdleTimeExcessConnections -> 0, maxPoolSize -> 1, maxStatements -> 0, maxStatementsPerConnection -> 0, minPoolSize -> 1, numHelperThreads -> 3, preferredTestQuery -> null, privilegeSpawnedThreads -> false, properties -> {user=******, password=******}, propertyCycle -> 0, statementCacheNumDeferredCloseThreads -> 0, testConnectionOnCheckin -> false, testConnectionOnCheckout -> false, unreturnedConnectionTimeout -> 0, userOverrides -> {}, usesTraditionalReflectiveProxies -> false ]
2019-02-06 21:18:12,381 DEBUG [cn.mldn.vo.mapping.MemberNS.doCreate] - ==>  Preparing: INSERT INTO member(mid,name,age,salary,birthday,note) VALUES (?,?,?,?,?,?) ; 
2019-02-06 21:18:12,404 DEBUG [cn.mldn.vo.mapping.MemberNS.doCreate] - ==> Parameters: mldn8241(String), –°’≈Õ¨—ß-8241(String), 18(Integer), 1.1(Double), 2019-02-06 21:18:12.182(Timestamp), ∫√Õ¨—ß!(String)
2019-02-06 21:18:12,411 DEBUG [cn.mldn.vo.mapping.MemberNS.doCreate] - <==    Updates: 1
2019-02-06 21:18:12,455 DEBUG [cn.mldn.vo.mapping.MemberNS.findAllSplit] - ==>  Preparing: select mid,name,age,salary,birthday,note from member limit ?,? 
2019-02-06 21:18:12,456 DEBUG [cn.mldn.vo.mapping.MemberNS.findAllSplit] - ==> Parameters: 0(Integer), 3(Integer)
2019-02-06 21:18:12,472 TRACE [cn.mldn.vo.mapping.MemberNS.findAllSplit] - <==    Columns: mid, name, age, salary, birthday, note
2019-02-06 21:18:12,472 TRACE [cn.mldn.vo.mapping.MemberNS.findAllSplit] - <==        Row: 11, zcc, 18, 1.1, 1992-12-21 00:00:00.0, <<BLOB>>
2019-02-06 21:18:12,476 TRACE [cn.mldn.vo.mapping.MemberNS.findAllSplit] - <==        Row: 12, zcc, 18, 1.1, 1992-12-21 00:00:00.0, <<BLOB>>
2019-02-06 21:18:12,477 TRACE [cn.mldn.vo.mapping.MemberNS.findAllSplit] - <==        Row: cc, zcc, 18, 1.1, 1992-12-21 00:00:00.0, <<BLOB>>
2019-02-06 21:18:12,477 DEBUG [cn.mldn.vo.mapping.MemberNS.findAllSplit] - <==      Total: 3
2019-02-06 21:18:12,481 INFO [cn.mldn.test.TestMemberService] - [cn.mldn.vo.Member@22875539, cn.mldn.vo.Member@5674e1f2, cn.mldn.vo.Member@79c7532f]
2019-02-08 22:02:24,416 INFO [com.mchange.v2.log.MLog] - MLog clients using slf4j logging.
2019-02-08 22:02:24,733 INFO [com.mchange.v2.c3p0.C3P0Registry] - Initializing c3p0-0.9.5.2 [built 08-December-2015 22:06:04 -0800; debug? true; trace: 10]
2019-02-08 22:02:25,182 INFO [com.mchange.v2.c3p0.impl.AbstractPoolBackedDataSource] - Initializing c3p0 pool... com.mchange.v2.c3p0.ComboPooledDataSource [ acquireIncrement -> 3, acquireRetryAttempts -> 30, acquireRetryDelay -> 1000, autoCommitOnClose -> false, automaticTestTable -> null, breakAfterAcquireFailure -> false, checkoutTimeout -> 0, connectionCustomizerClassName -> null, connectionTesterClassName -> com.mchange.v2.c3p0.impl.DefaultConnectionTester, contextClassLoaderSource -> caller, dataSourceName -> 1hgensxa01kzujwi141ruvf|e350b40, debugUnreturnedConnectionStackTraces -> false, description -> null, driverClass -> org.gjt.mm.mysql.Driver, extensions -> {}, factoryClassLocation -> null, forceIgnoreUnresolvedTransactions -> false, forceSynchronousCheckins -> false, forceUseNamedDriverClass -> false, identityToken -> 1hgensxa01kzujwi141ruvf|e350b40, idleConnectionTestPeriod -> 0, initialPoolSize -> 1, jdbcUrl -> jdbc:mysql://localhost:3306/mldn, maxAdministrativeTaskTime -> 0, maxConnectionAge -> 0, maxIdleTime -> 1, maxIdleTimeExcessConnections -> 0, maxPoolSize -> 1, maxStatements -> 0, maxStatementsPerConnection -> 0, minPoolSize -> 1, numHelperThreads -> 3, preferredTestQuery -> null, privilegeSpawnedThreads -> false, properties -> {user=******, password=******}, propertyCycle -> 0, statementCacheNumDeferredCloseThreads -> 0, testConnectionOnCheckin -> false, testConnectionOnCheckout -> false, unreturnedConnectionTimeout -> 0, userOverrides -> {}, usesTraditionalReflectiveProxies -> false ]
2019-02-08 22:02:25,443 DEBUG [cn.mldn.vo.mapping.MemberNS.doCreate] - ==>  Preparing: INSERT INTO member(mid,name,age,salary,birthday,note) VALUES (?,?,?,?,?,?) ; 
2019-02-08 22:02:25,466 DEBUG [cn.mldn.vo.mapping.MemberNS.doCreate] - ==> Parameters: mldn7665(String), –°’≈Õ¨—ß-7665(String), 18(Integer), 1.1(Double), 2019-02-08 22:02:25.157(Timestamp), ∫√Õ¨—ß!(String)
2019-02-08 22:02:25,477 DEBUG [cn.mldn.vo.mapping.MemberNS.doCreate] - <==    Updates: 1
2019-02-08 22:02:25,526 DEBUG [cn.mldn.vo.mapping.MemberNS.findAllSplit] - ==>  Preparing: select mid,name,age,salary,birthday,note from member limit ?,? 
2019-02-08 22:02:25,526 DEBUG [cn.mldn.vo.mapping.MemberNS.findAllSplit] - ==> Parameters: 0(Integer), 3(Integer)
2019-02-08 22:02:25,544 TRACE [cn.mldn.vo.mapping.MemberNS.findAllSplit] - <==    Columns: mid, name, age, salary, birthday, note
2019-02-08 22:02:25,545 TRACE [cn.mldn.vo.mapping.MemberNS.findAllSplit] - <==        Row: 11, zcc, 18, 1.1, 1992-12-21 00:00:00.0, <<BLOB>>
2019-02-08 22:02:25,561 TRACE [cn.mldn.vo.mapping.MemberNS.findAllSplit] - <==        Row: 12, zcc, 18, 1.1, 1992-12-21 00:00:00.0, <<BLOB>>
2019-02-08 22:02:25,561 TRACE [cn.mldn.vo.mapping.MemberNS.findAllSplit] - <==        Row: cc, zcc, 18, 1.1, 1992-12-21 00:00:00.0, <<BLOB>>
2019-02-08 22:02:25,562 DEBUG [cn.mldn.vo.mapping.MemberNS.findAllSplit] - <==      Total: 3
2019-02-08 22:02:25,566 INFO [cn.mldn.test.TestMemberService] - [cn.mldn.vo.Member@4df5bcb4, cn.mldn.vo.Member@12c7a01b, cn.mldn.vo.Member@13d9b21f]
2019-02-08 22:03:46,985 INFO [com.mchange.v2.log.MLog] - MLog clients using slf4j logging.
2019-02-08 22:03:47,203 INFO [com.mchange.v2.c3p0.C3P0Registry] - Initializing c3p0-0.9.5.2 [built 08-December-2015 22:06:04 -0800; debug? true; trace: 10]
2019-02-08 22:03:47,557 INFO [com.mchange.v2.c3p0.impl.AbstractPoolBackedDataSource] - Initializing c3p0 pool... com.mchange.v2.c3p0.ComboPooledDataSource [ acquireIncrement -> 3, acquireRetryAttempts -> 30, acquireRetryDelay -> 1000, autoCommitOnClose -> false, automaticTestTable -> null, breakAfterAcquireFailure -> false, checkoutTimeout -> 0, connectionCustomizerClassName -> null, connectionTesterClassName -> com.mchange.v2.c3p0.impl.DefaultConnectionTester, contextClassLoaderSource -> caller, dataSourceName -> 1hgensxa01kzwbm31957784|3f6f6701, debugUnreturnedConnectionStackTraces -> false, description -> null, driverClass -> org.gjt.mm.mysql.Driver, extensions -> {}, factoryClassLocation -> null, forceIgnoreUnresolvedTransactions -> false, forceSynchronousCheckins -> false, forceUseNamedDriverClass -> false, identityToken -> 1hgensxa01kzwbm31957784|3f6f6701, idleConnectionTestPeriod -> 0, initialPoolSize -> 1, jdbcUrl -> jdbc:mysql://localhost:3306/mldn, maxAdministrativeTaskTime -> 0, maxConnectionAge -> 0, maxIdleTime -> 1, maxIdleTimeExcessConnections -> 0, maxPoolSize -> 1, maxStatements -> 0, maxStatementsPerConnection -> 0, minPoolSize -> 1, numHelperThreads -> 3, preferredTestQuery -> null, privilegeSpawnedThreads -> false, properties -> {user=******, password=******}, propertyCycle -> 0, statementCacheNumDeferredCloseThreads -> 0, testConnectionOnCheckin -> false, testConnectionOnCheckout -> false, unreturnedConnectionTimeout -> 0, userOverrides -> {}, usesTraditionalReflectiveProxies -> false ]
2019-02-08 22:03:47,721 DEBUG [cn.mldn.vo.mapping.MemberNS.doCreate] - ==>  Preparing: INSERT INTO member(mid,name,age,salary,birthday,note) VALUES (?,?,?,?,?,?) ; 
2019-02-08 22:03:47,746 DEBUG [cn.mldn.vo.mapping.MemberNS.doCreate] - ==> Parameters: mldn7483(String), –°’≈Õ¨—ß-7483(String), 18(Integer), 1.1(Double), 2019-02-08 22:03:47.534(Timestamp), ∫√Õ¨—ß!(String)
2019-02-08 22:03:47,747 DEBUG [cn.mldn.vo.mapping.MemberNS.doCreate] - <==    Updates: 1
2019-02-08 22:03:47,792 DEBUG [cn.mldn.vo.mapping.MemberNS.findAllSplit] - ==>  Preparing: select mid,name,age,salary,birthday,note from member limit ?,? 
2019-02-08 22:03:47,792 DEBUG [cn.mldn.vo.mapping.MemberNS.findAllSplit] - ==> Parameters: 0(Integer), 3(Integer)
2019-02-08 22:03:47,807 TRACE [cn.mldn.vo.mapping.MemberNS.findAllSplit] - <==    Columns: mid, name, age, salary, birthday, note
2019-02-08 22:03:47,808 TRACE [cn.mldn.vo.mapping.MemberNS.findAllSplit] - <==        Row: 11, zcc, 18, 1.1, 1992-12-21 00:00:00.0, <<BLOB>>
2019-02-08 22:03:47,810 TRACE [cn.mldn.vo.mapping.MemberNS.findAllSplit] - <==        Row: 12, zcc, 18, 1.1, 1992-12-21 00:00:00.0, <<BLOB>>
2019-02-08 22:03:47,811 TRACE [cn.mldn.vo.mapping.MemberNS.findAllSplit] - <==        Row: cc, zcc, 18, 1.1, 1992-12-21 00:00:00.0, <<BLOB>>
2019-02-08 22:03:47,811 DEBUG [cn.mldn.vo.mapping.MemberNS.findAllSplit] - <==      Total: 3
2019-02-08 22:03:47,816 INFO [cn.mldn.test.TestMemberService] - [cn.mldn.vo.Member@22875539, cn.mldn.vo.Member@5674e1f2, cn.mldn.vo.Member@79c7532f]
2019-02-08 23:56:48,435 INFO [com.mchange.v2.log.MLog] - MLog clients using slf4j logging.
2019-02-08 23:56:48,650 INFO [com.mchange.v2.c3p0.C3P0Registry] - Initializing c3p0-0.9.5.2 [built 08-December-2015 22:06:04 -0800; debug? true; trace: 10]
2019-02-08 23:56:48,997 INFO [com.mchange.v2.c3p0.impl.AbstractPoolBackedDataSource] - Initializing c3p0 pool... com.mchange.v2.c3p0.ComboPooledDataSource [ acquireIncrement -> 3, acquireRetryAttempts -> 30, acquireRetryDelay -> 1000, autoCommitOnClose -> false, automaticTestTable -> null, breakAfterAcquireFailure -> false, checkoutTimeout -> 0, connectionCustomizerClassName -> null, connectionTesterClassName -> com.mchange.v2.c3p0.impl.DefaultConnectionTester, contextClassLoaderSource -> caller, dataSourceName -> 1hgensxa01l3xo7o1u6cyww|3f6f6701, debugUnreturnedConnectionStackTraces -> false, description -> null, driverClass -> org.gjt.mm.mysql.Driver, extensions -> {}, factoryClassLocation -> null, forceIgnoreUnresolvedTransactions -> false, forceSynchronousCheckins -> false, forceUseNamedDriverClass -> false, identityToken -> 1hgensxa01l3xo7o1u6cyww|3f6f6701, idleConnectionTestPeriod -> 0, initialPoolSize -> 1, jdbcUrl -> jdbc:mysql://localhost:3306/mldn, maxAdministrativeTaskTime -> 0, maxConnectionAge -> 0, maxIdleTime -> 1, maxIdleTimeExcessConnections -> 0, maxPoolSize -> 1, maxStatements -> 0, maxStatementsPerConnection -> 0, minPoolSize -> 1, numHelperThreads -> 3, preferredTestQuery -> null, privilegeSpawnedThreads -> false, properties -> {user=******, password=******}, propertyCycle -> 0, statementCacheNumDeferredCloseThreads -> 0, testConnectionOnCheckin -> false, testConnectionOnCheckout -> false, unreturnedConnectionTimeout -> 0, userOverrides -> {}, usesTraditionalReflectiveProxies -> false ]
2019-02-08 23:56:49,169 DEBUG [cn.mldn.vo.mapping.MemberNS.doCreate] - ==>  Preparing: INSERT INTO member(mid,name,age,salary,birthday,note) VALUES (?,?,?,?,?,?) ; 
2019-02-08 23:56:49,190 DEBUG [cn.mldn.vo.mapping.MemberNS.doCreate] - ==> Parameters: mldn2623(String), –°’≈Õ¨—ß-2623(String), 18(Integer), 1.1(Double), 2019-02-08 23:56:48.972(Timestamp), ∫√Õ¨—ß!(String)
2019-02-08 23:56:49,192 DEBUG [cn.mldn.vo.mapping.MemberNS.doCreate] - <==    Updates: 1
2019-02-08 23:56:49,239 DEBUG [cn.mldn.vo.mapping.MemberNS.findAllSplit] - ==>  Preparing: select mid,name,age,salary,birthday,note from member limit ?,? 
2019-02-08 23:56:49,239 DEBUG [cn.mldn.vo.mapping.MemberNS.findAllSplit] - ==> Parameters: 0(Integer), 3(Integer)
2019-02-08 23:56:49,254 TRACE [cn.mldn.vo.mapping.MemberNS.findAllSplit] - <==    Columns: mid, name, age, salary, birthday, note
2019-02-08 23:56:49,255 TRACE [cn.mldn.vo.mapping.MemberNS.findAllSplit] - <==        Row: 11, zcc, 18, 1.1, 1992-12-21 00:00:00.0, <<BLOB>>
2019-02-08 23:56:49,257 TRACE [cn.mldn.vo.mapping.MemberNS.findAllSplit] - <==        Row: 12, zcc, 18, 1.1, 1992-12-21 00:00:00.0, <<BLOB>>
2019-02-08 23:56:49,258 TRACE [cn.mldn.vo.mapping.MemberNS.findAllSplit] - <==        Row: cc, zcc, 18, 1.1, 1992-12-21 00:00:00.0, <<BLOB>>
2019-02-08 23:56:49,258 DEBUG [cn.mldn.vo.mapping.MemberNS.findAllSplit] - <==      Total: 3
2019-02-08 23:56:49,262 INFO [cn.mldn.test.TestMemberService] - [cn.mldn.vo.Member@22875539, cn.mldn.vo.Member@5674e1f2, cn.mldn.vo.Member@79c7532f]
2019-02-08 23:57:37,080 INFO [com.mchange.v2.log.MLog] - MLog clients using slf4j logging.
2019-02-08 23:57:37,293 INFO [com.mchange.v2.c3p0.C3P0Registry] - Initializing c3p0-0.9.5.2 [built 08-December-2015 22:06:04 -0800; debug? true; trace: 10]
2019-02-08 23:57:37,640 INFO [com.mchange.v2.c3p0.impl.AbstractPoolBackedDataSource] - Initializing c3p0 pool... com.mchange.v2.c3p0.ComboPooledDataSource [ acquireIncrement -> 3, acquireRetryAttempts -> 30, acquireRetryDelay -> 1000, autoCommitOnClose -> false, automaticTestTable -> null, breakAfterAcquireFailure -> false, checkoutTimeout -> 0, connectionCustomizerClassName -> null, connectionTesterClassName -> com.mchange.v2.c3p0.impl.DefaultConnectionTester, contextClassLoaderSource -> caller, dataSourceName -> 1hgensxa01l3ypqw1r3bv3v|3f6f6701, debugUnreturnedConnectionStackTraces -> false, description -> null, driverClass -> org.gjt.mm.mysql.Driver, extensions -> {}, factoryClassLocation -> null, forceIgnoreUnresolvedTransactions -> false, forceSynchronousCheckins -> false, forceUseNamedDriverClass -> false, identityToken -> 1hgensxa01l3ypqw1r3bv3v|3f6f6701, idleConnectionTestPeriod -> 0, initialPoolSize -> 1, jdbcUrl -> jdbc:mysql://localhost:3306/mldn, maxAdministrativeTaskTime -> 0, maxConnectionAge -> 0, maxIdleTime -> 1, maxIdleTimeExcessConnections -> 0, maxPoolSize -> 1, maxStatements -> 0, maxStatementsPerConnection -> 0, minPoolSize -> 1, numHelperThreads -> 3, preferredTestQuery -> null, privilegeSpawnedThreads -> false, properties -> {user=******, password=******}, propertyCycle -> 0, statementCacheNumDeferredCloseThreads -> 0, testConnectionOnCheckin -> false, testConnectionOnCheckout -> false, unreturnedConnectionTimeout -> 0, userOverrides -> {}, usesTraditionalReflectiveProxies -> false ]
2019-02-08 23:57:37,804 DEBUG [cn.mldn.vo.mapping.MemberNS.doCreate] - ==>  Preparing: INSERT INTO member(mid,name,age,salary,birthday,note) VALUES (?,?,?,?,?,?) ; 
2019-02-08 23:57:37,826 DEBUG [cn.mldn.vo.mapping.MemberNS.doCreate] - ==> Parameters: mldn3899(String), –°’≈Õ¨—ß-3899(String), 18(Integer), 1.1(Double), 2019-02-08 23:57:37.617(Timestamp), ∫√Õ¨—ß!(String)
2019-02-08 23:57:37,827 DEBUG [cn.mldn.vo.mapping.MemberNS.doCreate] - <==    Updates: 1
2019-02-08 23:57:37,872 DEBUG [cn.mldn.vo.mapping.MemberNS.findAllSplit] - ==>  Preparing: select mid,name,age,salary,birthday,note from member limit ?,? 
2019-02-08 23:57:37,872 DEBUG [cn.mldn.vo.mapping.MemberNS.findAllSplit] - ==> Parameters: 0(Integer), 3(Integer)
2019-02-08 23:57:37,888 TRACE [cn.mldn.vo.mapping.MemberNS.findAllSplit] - <==    Columns: mid, name, age, salary, birthday, note
2019-02-08 23:57:37,889 TRACE [cn.mldn.vo.mapping.MemberNS.findAllSplit] - <==        Row: 11, zcc, 18, 1.1, 1992-12-21 00:00:00.0, <<BLOB>>
2019-02-08 23:57:37,892 TRACE [cn.mldn.vo.mapping.MemberNS.findAllSplit] - <==        Row: 12, zcc, 18, 1.1, 1992-12-21 00:00:00.0, <<BLOB>>
2019-02-08 23:57:37,892 TRACE [cn.mldn.vo.mapping.MemberNS.findAllSplit] - <==        Row: cc, zcc, 18, 1.1, 1992-12-21 00:00:00.0, <<BLOB>>
2019-02-08 23:57:37,893 DEBUG [cn.mldn.vo.mapping.MemberNS.findAllSplit] - <==      Total: 3
2019-02-08 23:57:37,897 INFO [cn.mldn.test.TestMemberService] - [cn.mldn.vo.Member@22875539, cn.mldn.vo.Member@5674e1f2, cn.mldn.vo.Member@79c7532f]
2019-02-09 00:01:39,447 INFO [com.mchange.v2.log.MLog] - MLog clients using slf4j logging.
2019-02-09 00:01:39,668 INFO [com.mchange.v2.c3p0.C3P0Registry] - Initializing c3p0-0.9.5.2 [built 08-December-2015 22:06:04 -0800; debug? true; trace: 10]
2019-02-09 00:01:40,033 INFO [com.mchange.v2.c3p0.impl.AbstractPoolBackedDataSource] - Initializing c3p0 pool... com.mchange.v2.c3p0.ComboPooledDataSource [ acquireIncrement -> 3, acquireRetryAttempts -> 30, acquireRetryDelay -> 1000, autoCommitOnClose -> false, automaticTestTable -> null, breakAfterAcquireFailure -> false, checkoutTimeout -> 0, connectionCustomizerClassName -> null, connectionTesterClassName -> com.mchange.v2.c3p0.impl.DefaultConnectionTester, contextClassLoaderSource -> caller, dataSourceName -> 1hgensxa01l43wre1j88jfq|3f6f6701, debugUnreturnedConnectionStackTraces -> false, description -> null, driverClass -> org.gjt.mm.mysql.Driver, extensions -> {}, factoryClassLocation -> null, forceIgnoreUnresolvedTransactions -> false, forceSynchronousCheckins -> false, forceUseNamedDriverClass -> false, identityToken -> 1hgensxa01l43wre1j88jfq|3f6f6701, idleConnectionTestPeriod -> 0, initialPoolSize -> 1, jdbcUrl -> jdbc:mysql://localhost:3306/mldn, maxAdministrativeTaskTime -> 0, maxConnectionAge -> 0, maxIdleTime -> 1, maxIdleTimeExcessConnections -> 0, maxPoolSize -> 1, maxStatements -> 0, maxStatementsPerConnection -> 0, minPoolSize -> 1, numHelperThreads -> 3, preferredTestQuery -> null, privilegeSpawnedThreads -> false, properties -> {user=******, password=******}, propertyCycle -> 0, statementCacheNumDeferredCloseThreads -> 0, testConnectionOnCheckin -> false, testConnectionOnCheckout -> false, unreturnedConnectionTimeout -> 0, userOverrides -> {}, usesTraditionalReflectiveProxies -> false ]
2019-02-09 00:01:40,205 DEBUG [cn.mldn.vo.mapping.MemberNS.doCreate] - ==>  Preparing: INSERT INTO member(mid,name,age,salary,birthday,note) VALUES (?,?,?,?,?,?) ; 
2019-02-09 00:01:40,229 DEBUG [cn.mldn.vo.mapping.MemberNS.doCreate] - ==> Parameters: mldn7705(String), –°’≈Õ¨—ß-7705(String), 18(Integer), 1.1(Double), 2019-02-09 00:01:40.005(Timestamp), ∫√Õ¨—ß!(String)
2019-02-09 00:01:40,229 DEBUG [cn.mldn.vo.mapping.MemberNS.doCreate] - <==    Updates: 1
2019-02-09 00:01:40,271 DEBUG [cn.mldn.vo.mapping.MemberNS.findAllSplit] - ==>  Preparing: select mid,name,age,salary,birthday,note from member limit ?,? 
2019-02-09 00:01:40,271 DEBUG [cn.mldn.vo.mapping.MemberNS.findAllSplit] - ==> Parameters: 0(Integer), 3(Integer)
2019-02-09 00:01:40,288 TRACE [cn.mldn.vo.mapping.MemberNS.findAllSplit] - <==    Columns: mid, name, age, salary, birthday, note
2019-02-09 00:01:40,288 TRACE [cn.mldn.vo.mapping.MemberNS.findAllSplit] - <==        Row: 11, zcc, 18, 1.1, 1992-12-21 00:00:00.0, <<BLOB>>
2019-02-09 00:01:40,292 TRACE [cn.mldn.vo.mapping.MemberNS.findAllSplit] - <==        Row: 12, zcc, 18, 1.1, 1992-12-21 00:00:00.0, <<BLOB>>
2019-02-09 00:01:40,292 TRACE [cn.mldn.vo.mapping.MemberNS.findAllSplit] - <==        Row: cc, zcc, 18, 1.1, 1992-12-21 00:00:00.0, <<BLOB>>
2019-02-09 00:01:40,293 DEBUG [cn.mldn.vo.mapping.MemberNS.findAllSplit] - <==      Total: 3
2019-02-09 00:01:40,297 INFO [cn.mldn.test.TestMemberService] - [cn.mldn.vo.Member@22875539, cn.mldn.vo.Member@5674e1f2, cn.mldn.vo.Member@79c7532f]
2019-02-09 00:31:43,531 INFO [com.mchange.v2.log.MLog] - MLog clients using slf4j logging.
2019-02-09 00:31:43,751 INFO [com.mchange.v2.c3p0.C3P0Registry] - Initializing c3p0-0.9.5.2 [built 08-December-2015 22:06:04 -0800; debug? true; trace: 10]
2019-02-09 00:31:44,130 INFO [com.mchange.v2.c3p0.impl.AbstractPoolBackedDataSource] - Initializing c3p0 pool... com.mchange.v2.c3p0.ComboPooledDataSource [ acquireIncrement -> 3, acquireRetryAttempts -> 30, acquireRetryDelay -> 1000, autoCommitOnClose -> false, automaticTestTable -> null, breakAfterAcquireFailure -> false, checkoutTimeout -> 0, connectionCustomizerClassName -> null, connectionTesterClassName -> com.mchange.v2.c3p0.impl.DefaultConnectionTester, contextClassLoaderSource -> caller, dataSourceName -> 1hgensxa01l56ksudqbz1x|3f6f6701, debugUnreturnedConnectionStackTraces -> false, description -> null, driverClass -> org.gjt.mm.mysql.Driver, extensions -> {}, factoryClassLocation -> null, forceIgnoreUnresolvedTransactions -> false, forceSynchronousCheckins -> false, forceUseNamedDriverClass -> false, identityToken -> 1hgensxa01l56ksudqbz1x|3f6f6701, idleConnectionTestPeriod -> 0, initialPoolSize -> 1, jdbcUrl -> jdbc:mysql://localhost:3306/mldn, maxAdministrativeTaskTime -> 0, maxConnectionAge -> 0, maxIdleTime -> 1, maxIdleTimeExcessConnections -> 0, maxPoolSize -> 1, maxStatements -> 0, maxStatementsPerConnection -> 0, minPoolSize -> 1, numHelperThreads -> 3, preferredTestQuery -> null, privilegeSpawnedThreads -> false, properties -> {user=******, password=******}, propertyCycle -> 0, statementCacheNumDeferredCloseThreads -> 0, testConnectionOnCheckin -> false, testConnectionOnCheckout -> false, unreturnedConnectionTimeout -> 0, userOverrides -> {}, usesTraditionalReflectiveProxies -> false ]
2019-02-09 00:31:44,310 DEBUG [cn.mldn.vo.mapping.MemberNS.doCreate] - ==>  Preparing: INSERT INTO member(mid,name,age,salary,birthday,note) VALUES (?,?,?,?,?,?) ; 
2019-02-09 00:31:44,333 DEBUG [cn.mldn.vo.mapping.MemberNS.doCreate] - ==> Parameters: mldn4825(String), –°’≈Õ¨—ß-4825(String), 18(Integer), 1.1(Double), 2019-02-09 00:31:44.106(Timestamp), ∫√Õ¨—ß!(String)
2019-02-09 00:31:44,333 DEBUG [cn.mldn.vo.mapping.MemberNS.doCreate] - <==    Updates: 1
2019-02-09 00:31:44,378 DEBUG [cn.mldn.vo.mapping.MemberNS.findAllSplit] - ==>  Preparing: select mid,name,age,salary,birthday,note from member limit ?,? 
2019-02-09 00:31:44,379 DEBUG [cn.mldn.vo.mapping.MemberNS.findAllSplit] - ==> Parameters: 0(Integer), 3(Integer)
2019-02-09 00:31:44,395 TRACE [cn.mldn.vo.mapping.MemberNS.findAllSplit] - <==    Columns: mid, name, age, salary, birthday, note
2019-02-09 00:31:44,397 TRACE [cn.mldn.vo.mapping.MemberNS.findAllSplit] - <==        Row: 11, zcc, 18, 1.1, 1992-12-21 00:00:00.0, <<BLOB>>
2019-02-09 00:31:44,401 TRACE [cn.mldn.vo.mapping.MemberNS.findAllSplit] - <==        Row: 12, zcc, 18, 1.1, 1992-12-21 00:00:00.0, <<BLOB>>
2019-02-09 00:31:44,401 TRACE [cn.mldn.vo.mapping.MemberNS.findAllSplit] - <==        Row: cc, zcc, 18, 1.1, 1992-12-21 00:00:00.0, <<BLOB>>
2019-02-09 00:31:44,402 DEBUG [cn.mldn.vo.mapping.MemberNS.findAllSplit] - <==      Total: 3
2019-02-09 00:31:44,406 INFO [cn.mldn.test.TestMemberService] - [cn.mldn.vo.Member@22875539, cn.mldn.vo.Member@5674e1f2, cn.mldn.vo.Member@79c7532f]
